Case #1: 1 0
Case #2: 1 0
Case #3: 1 1
Case #4: 0 0
Case #5: 500 499
Case #6: 0 0
Case #7: 0 0
Case #8: 1 0
Case #9: 1 0
Case #10: 1 1
Case #11: 0 0
Case #12: 0 0
Case #13: 2 2
Case #14: 3 3
Case #15: 0 0
Case #16: 3 3
Case #17: 1 0
Case #18: 3 3
Case #19: 1 0
Case #20: 1 0
Case #21: 0 0
Case #22: 1 0
Case #23: 499 499
Case #24: 0 0
Case #25: 1 0
Case #26: 250 249
Case #27: 125 124
Case #28: 0 0
Case #29: 250 249
Case #30: 1 0
Case #31: 0 0
Case #32: 0 0
Case #33: 0 0
Case #34: 0 0
Case #35: 0 0
Case #36: 0 0
Case #37: 249 249
Case #38: 0 0
Case #39: 0 0
Case #40: 3 2
Case #41: 0 0
Case #42: 0 0
Case #43: 0 0
Case #44: 1 1
Case #45: 0 0
Case #46: 0 0
Case #47: 0 0
Case #48: 0 0
Case #49: 1 1
Case #50: 1 0
Case #51: 1 1
Case #52: 0 0
Case #53: 0 0
Case #54: 0 0
Case #55: 7 6
Case #56: 1 0
Case #57: 0 0
Case #58: 0 0
Case #59: 2 1
Case #60: 1 0
Case #61: 1 0
Case #62: 1 0
Case #63: 1 0
Case #64: 1 1
Case #65: 0 0
Case #66: 0 0
Case #67: 1 1
Case #68: 1 1
Case #69: 0 0
Case #70: 1 1
Case #71: 1 0
Case #72: 1 1
Case #73: 0 0
Case #74: 0 0
Case #75: 0 0
Case #76: 0 0
Case #77: 0 0
Case #78: 3 2
Case #79: 3 2
Case #80: 0 0
Case #81: 1 0
Case #82: 1 0
Case #83: 0 0
Case #84: 0 0
Case #85: 0 0
Case #86: 1 1
Case #87: 0 0
Case #88: 7 6
Case #89: 3 3
Case #90: 0 0
Case #91: 0 0
Case #92: 0 0
Case #93: 0 0
Case #94: 0 0
Case #95: 0 0
Case #96: 3 2
Case #97: 1 0
Case #98: 0 0
Case #99: 0 0
Case #100: 0 0